<?xml version="1.0" encoding="UTF-8"?>
<!-- Generated by org.testng.reporters.JUnitReportReporter -->
<testsuite skipped="0" hostname="LAPTOP-2LREDL7Q" name="com.testngprogram.Exceldata" tests="3" failures="0" timestamp="2022-05-26T12:37:35 IST" time="2.425" errors="0">
  <testcase name="Readexceldata" time="2.081" classname="com.testngprogram.Exceldata"/>
  <system-out/>
  <testcase name="getcountofTestcases" time="0.032" classname="com.testngprogram.Exceldata"/>
  <system-out/>
  <testcase name="writeexceldata" time="0.312" classname="com.testngprogram.Exceldata"/>
  <system-out/>
</testsuite> <!-- com.testngprogram.Exceldata -->
