<?xml version="1.0" encoding="UTF-8"?>
<!-- Generated by org.testng.reporters.JUnitReportReporter -->
<testsuite skipped="2" hostname="LAPTOP-2LREDL7Q" name="com.testngprogram.Enabled" tests="5" failures="0" timestamp="2022-05-24T11:18:55 IST" time="0.016" errors="0">
  <testcase name="testmethod2Test" time="0.000" classname="com.testngprogram.Enabled"/>
  <system-out/>
  <testcase name="testmethod3Test" time="0.000" classname="com.testngprogram.Enabled"/>
  <system-out/>
  <testcase name="testmethod1Test" time="0.016" classname="com.testngprogram.Enabled"/>
  <system-out/>
  <testcase name="testmethod4Test" classname="com.testngprogram.Enabled">
    <skipped/>
  </testcase> <!-- testmethod4Test -->
  <system-out/>
  <testcase name="testmethodTest" classname="com.testngprogram.Enabled">
    <skipped/>
  </testcase> <!-- testmethodTest -->
  <system-out/>
</testsuite> <!-- com.testngprogram.Enabled -->
