<?xml version="1.0" encoding="UTF-8"?>
<!-- Generated by org.testng.reporters.JUnitReportReporter -->
<testsuite skipped="0" hostname="LAPTOP-2LREDL7Q" name="com.testngprogram.Createemployee" tests="2" failures="0" timestamp="2022-05-22T13:06:08 IST" time="0.032" errors="0">
  <testcase name="Updateemployeedata" time="0.000" classname="com.testngprogram.Createemployee"/>
  <system-out/>
  <testcase name="vCreateemployeedata" time="0.032" classname="com.testngprogram.Createemployee"/>
  <system-out/>
</testsuite> <!-- com.testngprogram.Createemployee -->
