<?xml version="1.0" encoding="UTF-8"?>
<!-- Generated by org.testng.reporters.JUnitReportReporter -->
<testsuite skipped="0" hostname="LAPTOP-2LREDL7Q" name="com.testngprogram.Test4Test" tests="1" failures="0" timestamp="2022-05-22T12:04:56 IST" time="0.015" errors="0">
  <testcase name="testmthd4" time="0.015" classname="com.testngprogram.Test4Test"/>
  <system-out/>
</testsuite> <!-- com.testngprogram.Test4Test -->
