<?xml version="1.0" encoding="UTF-8"?>
<!-- Generated by org.testng.reporters.JUnitReportReporter -->
<testsuite skipped="0" hostname="LAPTOP-2LREDL7Q" name="com.testngprogram.Prioritytestcases" tests="3" failures="0" timestamp="2022-05-23T11:10:25 IST" time="0.013" errors="0">
  <testcase name="Groupmethod2" time="0.013" classname="com.testngprogram.Prioritytestcases"/>
  <system-out/>
  <testcase name="Groupmethod3" time="0.000" classname="com.testngprogram.Prioritytestcases"/>
  <system-out/>
  <testcase name="Groupmethod1" time="0.000" classname="com.testngprogram.Prioritytestcases"/>
  <system-out/>
</testsuite> <!-- com.testngprogram.Prioritytestcases -->
