<?xml version="1.0" encoding="UTF-8"?>
<!-- Generated by org.testng.reporters.JUnitReportReporter -->
<testsuite skipped="0" hostname="LAPTOP-2LREDL7Q" name="com.testngprogram.FileUpload" tests="1" failures="0" timestamp="2022-05-27T11:16:29 IST" time="56.727" errors="0">
  <testcase name="fileupload_documentTest" time="56.727" classname="com.testngprogram.FileUpload"/>
  <system-out/>
</testsuite> <!-- com.testngprogram.FileUpload -->
