<?xml version="1.0" encoding="UTF-8"?>
<!-- Generated by org.testng.reporters.JUnitReportReporter -->
<testsuite skipped="0" hostname="LAPTOP-2LREDL7Q" name="com.testngprogram.Test2Test" tests="2" failures="0" timestamp="2022-05-22T12:04:56 IST" time="0.016" errors="0">
  <testcase name="Testmethod1Test" time="0.016" classname="com.testngprogram.Test2Test"/>
  <system-out/>
  <testcase name="Testmethod2Test" time="0.000" classname="com.testngprogram.Test2Test"/>
  <system-out/>
</testsuite> <!-- com.testngprogram.Test2Test -->
