<?xml version="1.0" encoding="UTF-8"?>
<!-- Generated by org.testng.reporters.JUnitReportReporter -->
<testsuite skipped="0" hostname="LAPTOP-2LREDL7Q" name="com.testngprogram.Test1" tests="1" failures="0" timestamp="2022-05-21T17:27:51 IST" time="0.016" errors="0">
  <testcase name="testmethod" time="0.016" classname="com.testngprogram.Test1"/>
  <system-out/>
</testsuite> <!-- com.testngprogram.Test1 -->
