<?xml version="1.0" encoding="UTF-8"?>
<!-- Generated by org.testng.reporters.JUnitReportReporter -->
<testsuite skipped="0" hostname="LAPTOP-2LREDL7Q" name="com.testngprogram.Group1Test" tests="2" failures="0" timestamp="2022-05-22T12:30:59 IST" time="0.002" errors="0">
  <testcase name="Groupmethod3" time="0.002" classname="com.testngprogram.Group1Test"/>
  <system-out/>
  <testcase name="Groupmethod1" time="0.000" classname="com.testngprogram.Group1Test"/>
  <system-out/>
</testsuite> <!-- com.testngprogram.Group1Test -->
