<?xml version="1.0" encoding="UTF-8"?>
<!-- Generated by org.testng.reporters.JUnitReportReporter -->
<testsuite skipped="0" hostname="LAPTOP-2LREDL7Q" name="com.testngprogram.Invocation" tests="10" failures="0" timestamp="2022-05-24T11:09:11 IST" time="0.016" errors="0">
  <testcase name="testinvocationTest" time="0.000" classname="com.testngprogram.Invocation"/>
  <system-out/>
  <testcase name="testinvocationTest" time="0.000" classname="com.testngprogram.Invocation"/>
  <system-out/>
  <testcase name="testinvocationTest" time="0.000" classname="com.testngprogram.Invocation"/>
  <system-out/>
  <testcase name="testinvocationTest" time="0.000" classname="com.testngprogram.Invocation"/>
  <system-out/>
  <testcase name="testinvocationTest" time="0.000" classname="com.testngprogram.Invocation"/>
  <system-out/>
  <testcase name="testinvocationTest" time="0.000" classname="com.testngprogram.Invocation"/>
  <system-out/>
  <testcase name="testinvocationTest" time="0.000" classname="com.testngprogram.Invocation"/>
  <system-out/>
  <testcase name="testinvocationTest" time="0.000" classname="com.testngprogram.Invocation"/>
  <system-out/>
  <testcase name="testinvocationTest" time="0.016" classname="com.testngprogram.Invocation"/>
  <system-out/>
  <testcase name="testinvocationTest" time="0.000" classname="com.testngprogram.Invocation"/>
  <system-out/>
</testsuite> <!-- com.testngprogram.Invocation -->
