<?xml version="1.0" encoding="UTF-8"?>
<!-- Generated by org.testng.reporters.JUnitReportReporter -->
<testsuite skipped="0" hostname="LAPTOP-2LREDL7Q" name="com.testngprogram.Test3Test" tests="1" failures="0" timestamp="2022-05-22T12:04:56 IST" time="0.000" errors="0">
  <testcase name="testmthd3" time="0.000" classname="com.testngprogram.Test3Test"/>
  <system-out/>
</testsuite> <!-- com.testngprogram.Test3Test -->
