<?xml version="1.0" encoding="UTF-8"?>
<!-- Generated by org.testng.reporters.JUnitReportReporter -->
<testsuite skipped="0" hostname="LAPTOP-2LREDL7Q" name="com.testngprogram.Group2Test" tests="1" failures="0" timestamp="2022-05-22T12:30:59 IST" time="0.020" errors="0">
  <testcase name="Group2method2" time="0.020" classname="com.testngprogram.Group2Test"/>
  <system-out/>
</testsuite> <!-- com.testngprogram.Group2Test -->
